{"E:\\JestTest\\dabaojian.js": {"path":"E:\\JestTest\\dabaojian.js","statementMap":{"0":{"start":{"line":2,"column":2},"end":{"line":2,"column":33}},"1":{"start":{"line":6,"column":2},"end":{"line":6,"column":34}},"2":{"start":{"line":9,"column":0},"end":{"line":12,"column":1}}},"fnMap":{"0":{"name":"baojian1","decl":{"start":{"line":1,"column":9},"end":{"line":1,"column":17}},"loc":{"start":{"line":1,"column":25},"end":{"line":3,"column":1}},"line":1},"1":{"name":"baojian2","decl":{"start":{"line":5,"column":9},"end":{"line":5,"column":17}},"loc":{"start":{"line":5,"column":25},"end":{"line":7,"column":1}},"line":5}},"branchMap":{"0":{"loc":{"start":{"line":2,"column":9},"end":{"line":2,"column":33}},"type":"cond-expr","locations":[{"start":{"line":2,"column":20},"end":{"line":2,"column":26}},{"start":{"line":2,"column":27},"end":{"line":2,"column":33}}],"line":2},"1":{"loc":{"start":{"line":6,"column":9},"end":{"line":6,"column":34}},"type":"cond-expr","locations":[{"start":{"line":6,"column":21},"end":{"line":6,"column":27}},{"start":{"line":6,"column":28},"end":{"line":6,"column":34}}],"line":6}},"s":{"0":2,"1":1,"2":1},"f":{"0":2,"1":1},"b":{"0":[1,1],"1":[0,1]},"_coverageSchema":"43e27e138ebf9cfc5966b082cf9a028302ed4184","hash":"25ebc584332e2a3d571773727d440f9d20d671fa"}
}
